[debug] [2020-04-20T06:51:38.329Z] ----------------------------------------------------------------------
[debug] [2020-04-20T06:51:38.331Z] Command:       /Users/nao8/.nodebrew/node/v8.13.0/bin/node /Users/nao8/.nodebrew/current/bin/firebase emulators:start --only functions
[debug] [2020-04-20T06:51:38.331Z] CLI Version:   8.0.1
[debug] [2020-04-20T06:51:38.331Z] Platform:      darwin
[debug] [2020-04-20T06:51:38.331Z] Node Version:  v8.13.0
[debug] [2020-04-20T06:51:38.332Z] Time:          Mon Apr 20 2020 15:51:38 GMT+0900 (JST)
[debug] [2020-04-20T06:51:38.332Z] ----------------------------------------------------------------------
[debug] [2020-04-20T06:51:38.332Z] 
[debug] [2020-04-20T06:51:38.346Z] > command requires scopes: ["email","openid","https://www.googleapis.com/auth/cloudplatformprojects.readonly","https://www.googleapis.com/auth/firebase","https://www.googleapis.com/auth/cloud-platform"]
[debug] [2020-04-20T06:51:38.346Z] > authorizing via signed-in user
[info] i  emulators: Starting emulators: functions
[debug] [2020-04-20T06:51:38.415Z] [hub] writing locator at /var/folders/c9/xx1zrxf53s3f401dcd7dbn0r0000gn/T/hub-myfirstfirebase-8807b.json
[info] ✔  hub: emulator hub started at http://localhost:4400
[info] ✔  functions: Using node@8 from host.
[info] ✔  functions: functions emulator started at http://localhost:5001
[info] i  functions: Watching "/Users/nao8/seattle-academy20/portfolio/functions" for Cloud Functions...
[debug] [2020-04-20T06:51:38.463Z] [worker-pool] addWorker(~diagnostic~) 
[debug] [2020-04-20T06:51:38.464Z] [worker-pool] Adding worker with key ~diagnostic~, total=1 
[debug] [2020-04-20T06:51:38.464Z] [worker-pool] submitWork(triggerId=) 
[debug] [2020-04-20T06:51:38.465Z] [worker-~diagnostic~-dfefb95f-b854-4654-a838-065074d19bb5]: Assigning socketPath: /var/folders/c9/xx1zrxf53s3f401dcd7dbn0r0000gn/T/fire_emu_3107.sock 
[debug] [2020-04-20T06:51:38.465Z] [worker-~diagnostic~-dfefb95f-b854-4654-a838-065074d19bb5]: BUSY 
[debug] [2020-04-20T06:51:38.814Z] [runtime-status] [3107] Functions runtime initialized. {"cwd":"/Users/nao8/seattle-academy20/portfolio/functions","node_version":"8.13.0"} 
[debug] [2020-04-20T06:51:38.815Z] [runtime-status] [3107] Disabled runtime features: undefined 
[debug] [2020-04-20T06:51:38.821Z] [runtime-status] [3107] Resolved module firebase-admin {"declared":true,"installed":true,"version":"8.10.0","resolution":"/Users/nao8/seattle-academy20/portfolio/functions/node_modules/firebase-admin/lib/index.js"} 
[debug] [2020-04-20T06:51:38.822Z] [runtime-status] [3107] Resolved module firebase-functions {"declared":true,"installed":true,"version":"3.6.0","resolution":"/Users/nao8/seattle-academy20/portfolio/functions/node_modules/firebase-functions/lib/index.js"} 
[debug] [2020-04-20T06:51:38.827Z] [runtime-status] [3107] Outgoing network have been stubbed. [{"name":"http","status":"mocked"},{"name":"http","status":"mocked"},{"name":"https","status":"mocked"},{"name":"https","status":"mocked"},{"name":"net","status":"mocked"}] 
[debug] [2020-04-20T06:51:38.906Z] [runtime-status] [3107] Checked functions.config() {"config":{}} 
[debug] [2020-04-20T06:51:38.907Z] [runtime-status] [3107] Resolved module firebase-functions {"declared":true,"installed":true,"version":"3.6.0","resolution":"/Users/nao8/seattle-academy20/portfolio/functions/node_modules/firebase-functions/lib/index.js"} 
[debug] [2020-04-20T06:51:38.908Z] [runtime-status] [3107] Resolved module firebase-admin {"declared":true,"installed":true,"version":"8.10.0","resolution":"/Users/nao8/seattle-academy20/portfolio/functions/node_modules/firebase-admin/lib/index.js"} 
[debug] [2020-04-20T06:51:38.909Z] [runtime-status] [3107] Resolved module firebase-functions {"declared":true,"installed":true,"version":"3.6.0","resolution":"/Users/nao8/seattle-academy20/portfolio/functions/node_modules/firebase-functions/lib/index.js"} 
[debug] [2020-04-20T06:51:38.909Z] [runtime-status] [3107] firebase-admin has been stubbed. {"adminResolution":{"declared":true,"installed":true,"version":"8.10.0","resolution":"/Users/nao8/seattle-academy20/portfolio/functions/node_modules/firebase-admin/lib/index.js"}} 
[warn] ⚠  /Users/nao8/seattle-academy20/portfolio/functions/index.js:11
const functions = require('firebase-functions');
      ^

SyntaxError: Identifier 'functions' has already been declared
    at createScript (vm.js:80:10)
    at Object.runInThisContext (vm.js:139:10)
    at Module._compile (module.js:617:28)
    at Object.Module._extensions..js (module.js:664:10)
    at Module.load (module.js:566:32)
    at tryModuleLoad (module.js:506:12)
    at Function.Module._load (module.js:498:3)
    at Module.require (module.js:597:17)
    at require (internal/module.js:11:18)
    at /Users/nao8/.nodebrew/node/v8.13.0/lib/node_modules/firebase-tools/lib/emulator/functionsEmulatorRuntime.js:656:33
[warn] ⚠  We were unable to load your functions code. (see above)
[debug] [2020-04-20T06:51:38.953Z] [worker-~diagnostic~-dfefb95f-b854-4654-a838-065074d19bb5]: exited 
[debug] [2020-04-20T06:51:38.953Z] [worker-~diagnostic~-dfefb95f-b854-4654-a838-065074d19bb5]: FINISHED 
[debug] [2020-04-20T07:09:06.003Z] ----------------------------------------------------------------------
[debug] [2020-04-20T07:09:06.006Z] Command:       /Users/nao8/.nodebrew/node/v8.13.0/bin/node /Users/nao8/.nodebrew/current/bin/firebase emulators:start --only functions
[debug] [2020-04-20T07:09:06.007Z] CLI Version:   8.0.1
[debug] [2020-04-20T07:09:06.007Z] Platform:      darwin
[debug] [2020-04-20T07:09:06.007Z] Node Version:  v8.13.0
[debug] [2020-04-20T07:09:06.007Z] Time:          Mon Apr 20 2020 16:09:06 GMT+0900 (JST)
[debug] [2020-04-20T07:09:06.008Z] ----------------------------------------------------------------------
[debug] [2020-04-20T07:09:06.008Z] 
[debug] [2020-04-20T07:09:06.019Z] > command requires scopes: ["email","openid","https://www.googleapis.com/auth/cloudplatformprojects.readonly","https://www.googleapis.com/auth/firebase","https://www.googleapis.com/auth/cloud-platform"]
[debug] [2020-04-20T07:09:06.020Z] > authorizing via signed-in user
[info] i  emulators: Starting emulators: functions
[warn] ⚠  emulators: It seems that you are running multiple instances of the emulator suite for project myfirstfirebase-8807b. This may result in unexpected behavior.
[debug] [2020-04-20T07:09:06.068Z] [hub] writing locator at /var/folders/c9/xx1zrxf53s3f401dcd7dbn0r0000gn/T/hub-myfirstfirebase-8807b.json
[info] ✔  hub: emulator hub started at http://localhost:4400
[info] ✔  functions: Using node@8 from host.
[info] ✔  functions: functions emulator started at http://localhost:5001
[info] i  functions: Watching "/Users/nao8/seattle-academy20/portfolio/functions" for Cloud Functions...
[debug] [2020-04-20T07:09:06.356Z] [worker-pool] addWorker(~diagnostic~) 
[debug] [2020-04-20T07:09:06.357Z] [worker-pool] Adding worker with key ~diagnostic~, total=1 
[debug] [2020-04-20T07:09:06.357Z] [worker-pool] submitWork(triggerId=) 
[debug] [2020-04-20T07:09:06.358Z] [worker-~diagnostic~-5cf98b59-7fb9-44e8-9c93-3b2899a1b58b]: Assigning socketPath: /var/folders/c9/xx1zrxf53s3f401dcd7dbn0r0000gn/T/fire_emu_3186.sock 
[debug] [2020-04-20T07:09:06.358Z] [worker-~diagnostic~-5cf98b59-7fb9-44e8-9c93-3b2899a1b58b]: BUSY 
[debug] [2020-04-20T07:09:06.682Z] [runtime-status] [3186] Functions runtime initialized. {"cwd":"/Users/nao8/seattle-academy20/portfolio/functions","node_version":"8.13.0"} 
[debug] [2020-04-20T07:09:06.683Z] [runtime-status] [3186] Disabled runtime features: undefined 
[debug] [2020-04-20T07:09:06.687Z] [runtime-status] [3186] Resolved module firebase-admin {"declared":true,"installed":true,"version":"8.10.0","resolution":"/Users/nao8/seattle-academy20/portfolio/functions/node_modules/firebase-admin/lib/index.js"} 
[debug] [2020-04-20T07:09:06.688Z] [runtime-status] [3186] Resolved module firebase-functions {"declared":true,"installed":true,"version":"3.6.0","resolution":"/Users/nao8/seattle-academy20/portfolio/functions/node_modules/firebase-functions/lib/index.js"} 
[debug] [2020-04-20T07:09:06.694Z] [runtime-status] [3186] Outgoing network have been stubbed. [{"name":"http","status":"mocked"},{"name":"http","status":"mocked"},{"name":"https","status":"mocked"},{"name":"https","status":"mocked"},{"name":"net","status":"mocked"}] 
[debug] [2020-04-20T07:09:06.764Z] [runtime-status] [3186] Checked functions.config() {"config":{}} 
[debug] [2020-04-20T07:09:06.765Z] [runtime-status] [3186] Resolved module firebase-functions {"declared":true,"installed":true,"version":"3.6.0","resolution":"/Users/nao8/seattle-academy20/portfolio/functions/node_modules/firebase-functions/lib/index.js"} 
[debug] [2020-04-20T07:09:06.765Z] [runtime-status] [3186] Resolved module firebase-admin {"declared":true,"installed":true,"version":"8.10.0","resolution":"/Users/nao8/seattle-academy20/portfolio/functions/node_modules/firebase-admin/lib/index.js"} 
[debug] [2020-04-20T07:09:06.766Z] [runtime-status] [3186] Resolved module firebase-functions {"declared":true,"installed":true,"version":"3.6.0","resolution":"/Users/nao8/seattle-academy20/portfolio/functions/node_modules/firebase-functions/lib/index.js"} 
[debug] [2020-04-20T07:09:06.766Z] [runtime-status] [3186] firebase-admin has been stubbed. {"adminResolution":{"declared":true,"installed":true,"version":"8.10.0","resolution":"/Users/nao8/seattle-academy20/portfolio/functions/node_modules/firebase-admin/lib/index.js"}} 
[warn] ⚠  /Users/nao8/seattle-academy20/portfolio/functions/index.js:11
const functions = require('firebase-functions');
      ^

SyntaxError: Identifier 'functions' has already been declared
    at createScript (vm.js:80:10)
    at Object.runInThisContext (vm.js:139:10)
    at Module._compile (module.js:617:28)
    at Object.Module._extensions..js (module.js:664:10)
    at Module.load (module.js:566:32)
    at tryModuleLoad (module.js:506:12)
    at Function.Module._load (module.js:498:3)
    at Module.require (module.js:597:17)
    at require (internal/module.js:11:18)
    at /Users/nao8/.nodebrew/node/v8.13.0/lib/node_modules/firebase-tools/lib/emulator/functionsEmulatorRuntime.js:656:33
[warn] ⚠  We were unable to load your functions code. (see above)
[debug] [2020-04-20T07:09:06.794Z] [worker-~diagnostic~-5cf98b59-7fb9-44e8-9c93-3b2899a1b58b]: exited 
[debug] [2020-04-20T07:09:06.794Z] [worker-~diagnostic~-5cf98b59-7fb9-44e8-9c93-3b2899a1b58b]: FINISHED 
